[debug] [2022-10-18T12:23:38.715Z] ----------------------------------------------------------------------
[debug] [2022-10-18T12:23:38.718Z] Command:       C:\Program Files\nodejs\node.exe C:\Users\hp\AppData\Roaming\npm\node_modules\firebase-tools\lib\bin\firebase.js emulators:start
[debug] [2022-10-18T12:23:38.718Z] CLI Version:   11.14.2
[debug] [2022-10-18T12:23:38.718Z] Platform:      win32
[debug] [2022-10-18T12:23:38.719Z] Node Version:  v16.13.2
[debug] [2022-10-18T12:23:38.720Z] Time:          Tue Oct 18 2022 15:23:38 GMT+0300 (East Africa Time)
[debug] [2022-10-18T12:23:38.720Z] ----------------------------------------------------------------------
[debug] 
[debug] [2022-10-18T12:23:38.830Z] > command requires scopes: ["email","openid","https://www.googleapis.com/auth/cloudplatformprojects.readonly","https://www.googleapis.com/auth/firebase","https://www.googleapis.com/auth/cloud-platform"]
[debug] [2022-10-18T12:23:38.831Z] > authorizing via signed-in user (rodastlb@gmail.com)
[info] i  emulators: Starting emulators: functions, hosting {"metadata":{"emulator":{"name":"hub"},"message":"Starting emulators: functions, hosting"}}
[debug] [2022-10-18T12:23:38.850Z] [logging] Logging Emulator only supports listening on one address (127.0.0.1). Not listening on ::1
[debug] [2022-10-18T12:23:38.851Z] [hosting] Hosting Emulator only supports listening on one address (127.0.0.1). Not listening on ::1
[warn] !  ui: Emulator UI unable to start on port 4000, starting on 4002 instead. {"metadata":{"emulator":{"name":"ui"},"message":"Emulator UI unable to start on port 4000, starting on 4002 instead."}}
[debug] [2022-10-18T12:23:38.856Z] assigned listening specs for emulators {"user":{"hub":[{"address":"127.0.0.1","family":"IPv4","port":4400},{"address":"::1","family":"IPv6","port":4400}],"logging":[{"address":"127.0.0.1","family":"IPv4","port":4500}],"hosting":[{"address":"127.0.0.1","family":"IPv4","port":5000}],"ui":[{"address":"127.0.0.1","family":"IPv4","port":4002},{"address":"::1","family":"IPv6","port":4002}]},"metadata":{"message":"assigned listening specs for emulators"}}
[warn] !  emulators: It seems that you are running multiple instances of the emulator suite for project challenge-with-sunny. This may result in unexpected behavior. 
[debug] [2022-10-18T12:23:38.900Z] [hub] writing locator at C:\Users\hp\AppData\Local\Temp\hub-challenge-with-sunny.json
[debug] [2022-10-18T12:23:38.959Z] [functions] Functions Emulator only supports listening on one address (127.0.0.1). Not listening on ::1
[debug] [2022-10-18T12:23:38.960Z] [eventarc] Eventarc Emulator only supports listening on one address (127.0.0.1). Not listening on ::1
[debug] [2022-10-18T12:23:38.960Z] late-assigned ports for functions and eventarc emulators {"user":{"hub":[{"address":"127.0.0.1","family":"IPv4","port":4400},{"address":"::1","family":"IPv6","port":4400}],"logging":[{"address":"127.0.0.1","family":"IPv4","port":4500}],"hosting":[{"address":"127.0.0.1","family":"IPv4","port":5000}],"ui":[{"address":"127.0.0.1","family":"IPv4","port":4002},{"address":"::1","family":"IPv6","port":4002}],"functions":[{"address":"127.0.0.1","family":"IPv4","port":5001}],"eventarc":[{"address":"127.0.0.1","family":"IPv4","port":9299}]},"metadata":{"message":"late-assigned ports for functions and eventarc emulators"}}
[warn] !  functions: The following emulators are not running, calls to these services from the Functions emulator will affect production: auth, firestore, database, pubsub, storage {"metadata":{"emulator":{"name":"functions"},"message":"The following emulators are not running, calls to these services from the Functions emulator will affect production: \u001b[1mauth, firestore, database, pubsub, storage\u001b[22m"}}
[info] +  functions: Using node@16 from host. {"metadata":{"emulator":{"name":"functions"},"message":"Using node@16 from host."}}
[debug] [2022-10-18T12:23:39.031Z] defaultcredentials: writing to file C:\Users\hp\AppData\Roaming\firebase\rodastlb_gmail_com_application_default_credentials.json
[debug] [2022-10-18T12:23:39.035Z] Setting GAC to C:\Users\hp\AppData\Roaming\firebase\rodastlb_gmail_com_application_default_credentials.json {"metadata":{"emulator":{"name":"functions"},"message":"Setting GAC to C:\\Users\\hp\\AppData\\Roaming\\firebase\\rodastlb_gmail_com_application_default_credentials.json"}}
[debug] [2022-10-18T12:23:39.037Z] > refreshing access token with scopes: []
[debug] [2022-10-18T12:23:39.042Z] >>> [apiv2][query] POST https://www.googleapis.com/oauth2/v3/token [none]
[debug] [2022-10-18T12:23:39.042Z] >>> [apiv2][body] POST https://www.googleapis.com/oauth2/v3/token [omitted]
[debug] [2022-10-18T12:23:41.079Z] <<< [apiv2][status] POST https://www.googleapis.com/oauth2/v3/token 200
[debug] [2022-10-18T12:23:41.079Z] <<< [apiv2][body] POST https://www.googleapis.com/oauth2/v3/token [omitted]
[debug] [2022-10-18T12:23:41.261Z] >>> [apiv2][query] GET https://firebase.googleapis.com/v1beta1/projects/challenge-with-sunny/adminSdkConfig [none]
[debug] [2022-10-18T12:23:42.626Z] <<< [apiv2][status] GET https://firebase.googleapis.com/v1beta1/projects/challenge-with-sunny/adminSdkConfig 200
[debug] [2022-10-18T12:23:42.626Z] <<< [apiv2][body] GET https://firebase.googleapis.com/v1beta1/projects/challenge-with-sunny/adminSdkConfig {"projectId":"challenge-with-sunny","storageBucket":"challenge-with-sunny.appspot.com"}
[debug] [2022-10-18T12:23:42.737Z] >>> [apiv2][query] GET https://firebasehosting.googleapis.com/v1beta1/projects/challenge-with-sunny/sites 
[debug] [2022-10-18T12:23:44.303Z] <<< [apiv2][status] GET https://firebasehosting.googleapis.com/v1beta1/projects/challenge-with-sunny/sites 200
[debug] [2022-10-18T12:23:44.303Z] <<< [apiv2][body] GET https://firebasehosting.googleapis.com/v1beta1/projects/challenge-with-sunny/sites {"sites":[{"name":"projects/challenge-with-sunny/sites/challenge-with-sunny","defaultUrl":"https://challenge-with-sunny.web.app","appId":"1:1003114109462:web:1854df053d7d310c15f337","type":"DEFAULT_SITE"}]}
[debug] [2022-10-18T12:23:44.304Z] >>> [apiv2][query] GET https://firebase.googleapis.com/v1beta1/projects/challenge-with-sunny/webApps/1:1003114109462:web:1854df053d7d310c15f337/config [none]
[debug] [2022-10-18T12:23:45.670Z] <<< [apiv2][status] GET https://firebase.googleapis.com/v1beta1/projects/challenge-with-sunny/webApps/1:1003114109462:web:1854df053d7d310c15f337/config 200
[debug] [2022-10-18T12:23:45.671Z] <<< [apiv2][body] GET https://firebase.googleapis.com/v1beta1/projects/challenge-with-sunny/webApps/1:1003114109462:web:1854df053d7d310c15f337/config {"projectId":"challenge-with-sunny","appId":"1:1003114109462:web:1854df053d7d310c15f337","storageBucket":"challenge-with-sunny.appspot.com","apiKey":"AIzaSyCnPIU_tgsPl_uVxsh8FYe80XRZyvAhlR0","authDomain":"challenge-with-sunny.firebaseapp.com","messagingSenderId":"1003114109462","measurementId":"G-5J73SEVH2S"}
[debug] [2022-10-18T12:23:45.774Z] >>> [apiv2][query] GET https://firebase.googleapis.com/v1beta1/projects/challenge-with-sunny [none]
[debug] [2022-10-18T12:23:46.480Z] <<< [apiv2][status] GET https://firebase.googleapis.com/v1beta1/projects/challenge-with-sunny 200
[debug] [2022-10-18T12:23:46.480Z] <<< [apiv2][body] GET https://firebase.googleapis.com/v1beta1/projects/challenge-with-sunny {"projectId":"challenge-with-sunny","projectNumber":"1003114109462","displayName":"amazon challenge with sunny","name":"projects/challenge-with-sunny","resources":{"hostingSite":"challenge-with-sunny"},"state":"ACTIVE","etag":"1_b93ef859-3804-4ff9-a061-21fcb825bee0"}
[info] i  hosting[challenge-with-sunny]: Serving hosting files from: build {"metadata":{"emulator":{"name":"hosting"},"message":"Serving hosting files from: \u001b[1mbuild\u001b[22m"}}
[info] +  hosting[challenge-with-sunny]: Local server: http://127.0.0.1:5000 {"metadata":{"emulator":{"name":"hosting"},"message":"Local server: \u001b[4m\u001b[1mhttp://127.0.0.1:5000\u001b[22m\u001b[24m"}}
[debug] [2022-10-18T12:23:46.679Z] Ignoring unsupported arg: auto_download {"metadata":{"emulator":{"name":"ui"},"message":"Ignoring unsupported arg: auto_download"}}
[debug] [2022-10-18T12:23:46.679Z] Ignoring unsupported arg: port {"metadata":{"emulator":{"name":"ui"},"message":"Ignoring unsupported arg: port"}}
[debug] [2022-10-18T12:23:46.680Z] Starting Emulator UI with command {"binary":"node","args":["C:\\Users\\hp\\.cache\\firebase\\emulators\\ui-v1.11.1\\server\\server.js"],"optionalArgs":[],"joinArgs":false} {"metadata":{"emulator":{"name":"ui"},"message":"Starting Emulator UI with command {\"binary\":\"node\",\"args\":[\"C:\\\\Users\\\\hp\\\\.cache\\\\firebase\\\\emulators\\\\ui-v1.11.1\\\\server\\\\server.js\"],\"optionalArgs\":[],\"joinArgs\":false}"}}
[info] i  ui: Emulator UI logging to ui-debug.log {"metadata":{"emulator":{"name":"ui"},"message":"Emulator UI logging to \u001b[1mui-debug.log\u001b[22m"}}
[debug] [2022-10-18T12:23:46.949Z] Web / API server started at 127.0.0.1:4002
 {"metadata":{"emulator":{"name":"ui"},"message":"Web / API server started at 127.0.0.1:4002\n"}}
[debug] [2022-10-18T12:23:46.951Z] Web / API server started at ::1:4002
 {"metadata":{"emulator":{"name":"ui"},"message":"Web / API server started at ::1:4002\n"}}
[info] i  functions: Watching "C:\Users\hp\OneDrive\Desktop\Amazon clone with Sunny-220831\sunny\functions" for Cloud Functions... {"metadata":{"emulator":{"name":"functions"},"message":"Watching \"C:\\Users\\hp\\OneDrive\\Desktop\\Amazon clone with Sunny-220831\\sunny\\functions\" for Cloud Functions..."}}
[debug] [2022-10-18T12:23:46.961Z] Validating nodejs source
[warn] !  functions: package.json indicates an outdated version of firebase-functions. Please upgrade using npm install --save firebase-functions@latest in your functions directory. 
[warn] !  functions: Please note that there will be breaking changes when you upgrade. 
[debug] [2022-10-18T12:23:52.683Z] > [functions] package.json contents: {
  "name": "functions",
  "description": "Cloud Functions for Firebase",
  "scripts": {
    "lint": "eslint .",
    "serve": "firebase emulators:start --only functions",
    "shell": "firebase functions:shell",
    "start": "npm run shell",
    "deploy": "firebase deploy --only functions",
    "logs": "firebase functions:log"
  },
  "engines": {
    "node": "16"
  },
  "main": "index.js",
  "dependencies": {
    "cors": "^2.8.5",
    "express": "^4.18.2",
    "firebase-admin": "^10.0.2",
    "firebase-functions": "^3.24.1",
    "stripe": "^10.14.0"
  },
  "devDependencies": {
    "eslint": "^8.9.0",
    "eslint-config-google": "^0.14.0",
    "firebase-functions-test": "^0.2.0"
  },
  "private": true
}
[debug] [2022-10-18T12:23:52.684Z] Building nodejs source
[debug] [2022-10-18T12:23:52.684Z] Analyzing nodejs backend spec
[debug] [2022-10-18T12:23:52.687Z] Could not find functions.yaml. Must use http discovery
[debug] [2022-10-18T12:23:55.432Z] Serving at port 9005

[debug] [2022-10-18T12:23:57.003Z] Got response from /__/functions.yaml {"endpoints":{"api":{"platform":"gcfv1","httpsTrigger":{},"entryPoint":"api"}},"specVersion":"v1alpha1","requiredAPIs":[]}
[debug] [2022-10-18T12:23:57.012Z] shutdown requested via /__/quitquitquit

[info] +  functions: Loaded functions definitions from source: api. {"metadata":{"emulator":{"name":"functions"},"message":"Loaded functions definitions from source: api."}}
[info] +  functions[us-central1-api]: http function initialized (http://127.0.0.1:5001/challenge-with-sunny/us-central1/api). {"metadata":{"emulator":{"name":"functions"},"message":"\u001b[1mhttp\u001b[22m function initialized (http://127.0.0.1:5001/challenge-with-sunny/us-central1/api)."}}
[info] 
┌─────────────────────────────────────────────────────────────┐
│ ✔  All emulators ready! It is now safe to connect your app. │
│ i  View Emulator UI at http://127.0.0.1:4002/               │
└─────────────────────────────────────────────────────────────┘

┌───────────┬────────────────┬─────────────────────────────────┐
│ Emulator  │ Host:Port      │ View in Emulator UI             │
├───────────┼────────────────┼─────────────────────────────────┤
│ Functions │ 127.0.0.1:5001 │ http://127.0.0.1:4002/functions │
├───────────┼────────────────┼─────────────────────────────────┤
│ Hosting   │ 127.0.0.1:5000 │ n/a                             │
└───────────┴────────────────┴─────────────────────────────────┘
  Emulator Hub running at 127.0.0.1:4400
  Other reserved ports: 4500

Issues? Report them at https://github.com/firebase/firebase-tools/issues and attach the *-debug.log files.
 
[debug] [2022-10-18T12:24:20.199Z] File C:\Users\hp\OneDrive\Desktop\Amazon clone with Sunny-220831\sunny\functions\index.js changed, reloading triggers {"metadata":{"emulator":{"name":"functions"},"message":"File C:\\Users\\hp\\OneDrive\\Desktop\\Amazon clone with Sunny-220831\\sunny\\functions\\index.js changed, reloading triggers"}}
[debug] [2022-10-18T12:24:21.213Z] Validating nodejs source
[warn] !  functions: package.json indicates an outdated version of firebase-functions. Please upgrade using npm install --save firebase-functions@latest in your functions directory. 
[warn] !  functions: Please note that there will be breaking changes when you upgrade. 
[debug] [2022-10-18T12:24:31.323Z] > [functions] package.json contents: {
  "name": "functions",
  "description": "Cloud Functions for Firebase",
  "scripts": {
    "lint": "eslint .",
    "serve": "firebase emulators:start --only functions",
    "shell": "firebase functions:shell",
    "start": "npm run shell",
    "deploy": "firebase deploy --only functions",
    "logs": "firebase functions:log"
  },
  "engines": {
    "node": "16"
  },
  "main": "index.js",
  "dependencies": {
    "cors": "^2.8.5",
    "express": "^4.18.2",
    "firebase-admin": "^10.0.2",
    "firebase-functions": "^3.24.1",
    "stripe": "^10.14.0"
  },
  "devDependencies": {
    "eslint": "^8.9.0",
    "eslint-config-google": "^0.14.0",
    "firebase-functions-test": "^0.2.0"
  },
  "private": true
}
[debug] [2022-10-18T12:24:31.323Z] Building nodejs source
[debug] [2022-10-18T12:24:31.323Z] Analyzing nodejs backend spec
[debug] [2022-10-18T12:24:31.339Z] Could not find functions.yaml. Must use http discovery
[debug] [2022-10-18T12:24:31.381Z] [work-queue] {"queueLength":1,"workRunningCount":0}
[debug] [2022-10-18T12:24:31.381Z] [work-queue] {"queueLength":0,"workRunningCount":1}
[debug] [2022-10-18T12:24:31.382Z] Accepted request GET /challenge-with-sunny/us-central1/api --> us-central1-api
[debug] [2022-10-18T12:24:31.387Z] [functions] Runtime ready! Sending request! {"metadata":{"emulator":{"name":"functions"},"message":"[functions] Runtime ready! Sending request!"}}
[debug] [2022-10-18T12:24:31.388Z] [functions] Got req.url=/challenge-with-sunny/us-central1/api, mapping to path=/ {"metadata":{"emulator":{"name":"functions"},"message":"[functions] Got req.url=/challenge-with-sunny/us-central1/api, mapping to path=/"}}
[debug] [2022-10-18T12:24:31.407Z] [worker-pool] addWorker(us-central1-api) {"metadata":{"emulator":{"name":"functions"},"message":"[worker-pool] addWorker(us-central1-api)"}}
[debug] [2022-10-18T12:24:31.408Z] [worker-pool] Adding worker with key us-central1-api, total=1 {"metadata":{"emulator":{"name":"functions"},"message":"[worker-pool] Adding worker with key us-central1-api, total=1"}}
[debug] [2022-10-18T12:24:31.413Z] File C:\Users\hp\OneDrive\Desktop\Amazon clone with Sunny-220831\sunny\functions\index.js changed, reloading triggers {"metadata":{"emulator":{"name":"functions"},"message":"File C:\\Users\\hp\\OneDrive\\Desktop\\Amazon clone with Sunny-220831\\sunny\\functions\\index.js changed, reloading triggers"}}
