[debug] [2022-10-18T07:05:38.199Z] ----------------------------------------------------------------------
[debug] [2022-10-18T07:05:38.202Z] Command:       C:\Program Files\nodejs\node.exe C:\Users\hp\AppData\Roaming\npm\node_modules\firebase-tools\lib\bin\firebase.js emulators:start
[debug] [2022-10-18T07:05:38.202Z] CLI Version:   11.14.2
[debug] [2022-10-18T07:05:38.202Z] Platform:      win32
[debug] [2022-10-18T07:05:38.203Z] Node Version:  v16.13.2
[debug] [2022-10-18T07:05:38.204Z] Time:          Tue Oct 18 2022 10:05:38 GMT+0300 (East Africa Time)
[debug] [2022-10-18T07:05:38.204Z] ----------------------------------------------------------------------
[debug] 
[debug] [2022-10-18T07:05:38.313Z] > command requires scopes: ["email","openid","https://www.googleapis.com/auth/cloudplatformprojects.readonly","https://www.googleapis.com/auth/firebase","https://www.googleapis.com/auth/cloud-platform"]
[debug] [2022-10-18T07:05:38.314Z] > authorizing via signed-in user (rodastlb@gmail.com)
[info] i  emulators: Starting emulators: functions, hosting {"metadata":{"emulator":{"name":"hub"},"message":"Starting emulators: functions, hosting"}}
[debug] [2022-10-18T07:05:38.335Z] [logging] Logging Emulator only supports listening on one address (127.0.0.1). Not listening on ::1
[debug] [2022-10-18T07:05:38.336Z] [hosting] Hosting Emulator only supports listening on one address (127.0.0.1). Not listening on ::1
[warn] !  ui: Emulator UI unable to start on port 4000, starting on 4001 instead. {"metadata":{"emulator":{"name":"ui"},"message":"Emulator UI unable to start on port 4000, starting on 4001 instead."}}
[debug] [2022-10-18T07:05:38.339Z] assigned listening specs for emulators {"user":{"hub":[{"address":"127.0.0.1","family":"IPv4","port":4400},{"address":"::1","family":"IPv6","port":4400}],"logging":[{"address":"127.0.0.1","family":"IPv4","port":4500}],"hosting":[{"address":"127.0.0.1","family":"IPv4","port":5000}],"ui":[{"address":"127.0.0.1","family":"IPv4","port":4001},{"address":"::1","family":"IPv6","port":4001}]},"metadata":{"message":"assigned listening specs for emulators"}}
[warn] !  emulators: It seems that you are running multiple instances of the emulator suite for project challenge-with-sunny. This may result in unexpected behavior. 
[debug] [2022-10-18T07:05:38.352Z] [hub] writing locator at C:\Users\hp\AppData\Local\Temp\hub-challenge-with-sunny.json
[debug] [2022-10-18T07:05:38.424Z] [functions] Functions Emulator only supports listening on one address (127.0.0.1). Not listening on ::1
[debug] [2022-10-18T07:05:38.424Z] [eventarc] Eventarc Emulator only supports listening on one address (127.0.0.1). Not listening on ::1
[debug] [2022-10-18T07:05:38.425Z] late-assigned ports for functions and eventarc emulators {"user":{"hub":[{"address":"127.0.0.1","family":"IPv4","port":4400},{"address":"::1","family":"IPv6","port":4400}],"logging":[{"address":"127.0.0.1","family":"IPv4","port":4500}],"hosting":[{"address":"127.0.0.1","family":"IPv4","port":5000}],"ui":[{"address":"127.0.0.1","family":"IPv4","port":4001},{"address":"::1","family":"IPv6","port":4001}],"functions":[{"address":"127.0.0.1","family":"IPv4","port":5001}],"eventarc":[{"address":"127.0.0.1","family":"IPv4","port":9299}]},"metadata":{"message":"late-assigned ports for functions and eventarc emulators"}}
[warn] !  functions: The following emulators are not running, calls to these services from the Functions emulator will affect production: auth, firestore, database, pubsub, storage {"metadata":{"emulator":{"name":"functions"},"message":"The following emulators are not running, calls to these services from the Functions emulator will affect production: \u001b[1mauth, firestore, database, pubsub, storage\u001b[22m"}}
[info] +  functions: Using node@16 from host. {"metadata":{"emulator":{"name":"functions"},"message":"Using node@16 from host."}}
[debug] [2022-10-18T07:05:38.484Z] defaultcredentials: writing to file C:\Users\hp\AppData\Roaming\firebase\rodastlb_gmail_com_application_default_credentials.json
[debug] [2022-10-18T07:05:38.493Z] Setting GAC to C:\Users\hp\AppData\Roaming\firebase\rodastlb_gmail_com_application_default_credentials.json {"metadata":{"emulator":{"name":"functions"},"message":"Setting GAC to C:\\Users\\hp\\AppData\\Roaming\\firebase\\rodastlb_gmail_com_application_default_credentials.json"}}
[debug] [2022-10-18T07:05:38.496Z] >>> [apiv2][query] GET https://firebase.googleapis.com/v1beta1/projects/challenge-with-sunny/adminSdkConfig [none]
[debug] [2022-10-18T07:05:39.360Z] <<< [apiv2][status] GET https://firebase.googleapis.com/v1beta1/projects/challenge-with-sunny/adminSdkConfig 200
[debug] [2022-10-18T07:05:39.361Z] <<< [apiv2][body] GET https://firebase.googleapis.com/v1beta1/projects/challenge-with-sunny/adminSdkConfig {"projectId":"challenge-with-sunny","storageBucket":"challenge-with-sunny.appspot.com"}
[debug] [2022-10-18T07:05:39.441Z] >>> [apiv2][query] GET https://firebasehosting.googleapis.com/v1beta1/projects/challenge-with-sunny/sites 
[debug] [2022-10-18T07:05:41.182Z] <<< [apiv2][status] GET https://firebasehosting.googleapis.com/v1beta1/projects/challenge-with-sunny/sites 200
[debug] [2022-10-18T07:05:41.182Z] <<< [apiv2][body] GET https://firebasehosting.googleapis.com/v1beta1/projects/challenge-with-sunny/sites {"sites":[{"name":"projects/challenge-with-sunny/sites/challenge-with-sunny","defaultUrl":"https://challenge-with-sunny.web.app","appId":"1:1003114109462:web:1854df053d7d310c15f337","type":"DEFAULT_SITE"}]}
[debug] [2022-10-18T07:05:41.183Z] >>> [apiv2][query] GET https://firebase.googleapis.com/v1beta1/projects/challenge-with-sunny/webApps/1:1003114109462:web:1854df053d7d310c15f337/config [none]
[debug] [2022-10-18T07:05:42.784Z] <<< [apiv2][status] GET https://firebase.googleapis.com/v1beta1/projects/challenge-with-sunny/webApps/1:1003114109462:web:1854df053d7d310c15f337/config 200
[debug] [2022-10-18T07:05:42.784Z] <<< [apiv2][body] GET https://firebase.googleapis.com/v1beta1/projects/challenge-with-sunny/webApps/1:1003114109462:web:1854df053d7d310c15f337/config {"projectId":"challenge-with-sunny","appId":"1:1003114109462:web:1854df053d7d310c15f337","storageBucket":"challenge-with-sunny.appspot.com","apiKey":"AIzaSyCnPIU_tgsPl_uVxsh8FYe80XRZyvAhlR0","authDomain":"challenge-with-sunny.firebaseapp.com","messagingSenderId":"1003114109462","measurementId":"G-5J73SEVH2S"}
[debug] [2022-10-18T07:05:42.827Z] >>> [apiv2][query] GET https://firebase.googleapis.com/v1beta1/projects/challenge-with-sunny [none]
[debug] [2022-10-18T07:05:43.662Z] <<< [apiv2][status] GET https://firebase.googleapis.com/v1beta1/projects/challenge-with-sunny 200
[debug] [2022-10-18T07:05:43.662Z] <<< [apiv2][body] GET https://firebase.googleapis.com/v1beta1/projects/challenge-with-sunny {"projectId":"challenge-with-sunny","projectNumber":"1003114109462","displayName":"amazon challenge with sunny","name":"projects/challenge-with-sunny","resources":{"hostingSite":"challenge-with-sunny"},"state":"ACTIVE","etag":"1_b93ef859-3804-4ff9-a061-21fcb825bee0"}
[info] i  hosting[challenge-with-sunny]: Serving hosting files from: build {"metadata":{"emulator":{"name":"hosting"},"message":"Serving hosting files from: \u001b[1mbuild\u001b[22m"}}
[info] +  hosting[challenge-with-sunny]: Local server: http://127.0.0.1:5000 {"metadata":{"emulator":{"name":"hosting"},"message":"Local server: \u001b[4m\u001b[1mhttp://127.0.0.1:5000\u001b[22m\u001b[24m"}}
[debug] [2022-10-18T07:05:43.705Z] Ignoring unsupported arg: auto_download {"metadata":{"emulator":{"name":"ui"},"message":"Ignoring unsupported arg: auto_download"}}
[debug] [2022-10-18T07:05:43.706Z] Ignoring unsupported arg: port {"metadata":{"emulator":{"name":"ui"},"message":"Ignoring unsupported arg: port"}}
[debug] [2022-10-18T07:05:43.706Z] Starting Emulator UI with command {"binary":"node","args":["C:\\Users\\hp\\.cache\\firebase\\emulators\\ui-v1.11.1\\server\\server.js"],"optionalArgs":[],"joinArgs":false} {"metadata":{"emulator":{"name":"ui"},"message":"Starting Emulator UI with command {\"binary\":\"node\",\"args\":[\"C:\\\\Users\\\\hp\\\\.cache\\\\firebase\\\\emulators\\\\ui-v1.11.1\\\\server\\\\server.js\"],\"optionalArgs\":[],\"joinArgs\":false}"}}
[info] i  ui: Emulator UI logging to ui-debug.log {"metadata":{"emulator":{"name":"ui"},"message":"Emulator UI logging to \u001b[1mui-debug.log\u001b[22m"}}
[debug] [2022-10-18T07:05:43.897Z] Web / API server started at 127.0.0.1:4001
 {"metadata":{"emulator":{"name":"ui"},"message":"Web / API server started at 127.0.0.1:4001\n"}}
[debug] [2022-10-18T07:05:43.898Z] Web / API server started at ::1:4001
 {"metadata":{"emulator":{"name":"ui"},"message":"Web / API server started at ::1:4001\n"}}
[info] i  functions: Watching "C:\Users\hp\OneDrive\Desktop\Amazon clone with Sunny-220831\sunny\functions" for Cloud Functions... {"metadata":{"emulator":{"name":"functions"},"message":"Watching \"C:\\Users\\hp\\OneDrive\\Desktop\\Amazon clone with Sunny-220831\\sunny\\functions\" for Cloud Functions..."}}
[debug] [2022-10-18T07:05:43.995Z] Validating nodejs source
[warn] !  functions: package.json indicates an outdated version of firebase-functions. Please upgrade using npm install --save firebase-functions@latest in your functions directory. 
[warn] !  functions: Please note that there will be breaking changes when you upgrade. 
[debug] [2022-10-18T07:05:47.863Z] > [functions] package.json contents: {
  "name": "functions",
  "description": "Cloud Functions for Firebase",
  "scripts": {
    "lint": "eslint .",
    "serve": "firebase emulators:start --only functions",
    "shell": "firebase functions:shell",
    "start": "npm run shell",
    "deploy": "firebase deploy --only functions",
    "logs": "firebase functions:log"
  },
  "engines": {
    "node": "16"
  },
  "main": "index.js",
  "dependencies": {
    "cors": "^2.8.5",
    "express": "^4.18.2",
    "firebase-admin": "^10.0.2",
    "firebase-functions": "^3.24.1",
    "stripe": "^10.14.0"
  },
  "devDependencies": {
    "eslint": "^8.9.0",
    "eslint-config-google": "^0.14.0",
    "firebase-functions-test": "^0.2.0"
  },
  "private": true
}
[debug] [2022-10-18T07:05:47.863Z] Building nodejs source
[debug] [2022-10-18T07:05:47.864Z] Analyzing nodejs backend spec
[debug] [2022-10-18T07:05:47.866Z] Could not find functions.yaml. Must use http discovery
[debug] [2022-10-18T07:05:48.243Z] Serving at port 9005

[debug] [2022-10-18T07:05:48.414Z] Got response from /__/functions.yaml Failed to generate manifest from function source: TypeError: app.use is not a function
[debug] [2022-10-18T07:05:48.418Z] Failed to parse functions.yamlincomplete explicit mapping pair; a key node is missed; or followed by a non-tabulated empty line at line 1, column 60:
     ...  from function source: TypeError: app.use is not a function
                                         ^ {"name":"YAMLException","reason":"incomplete explicit mapping pair; a key node is missed; or followed by a non-tabulated empty line","mark":{"name":null,"buffer":"Failed to generate manifest from function source: TypeError: app.use is not a function\n\u0000","position":59,"line":0,"column":59},"message":"incomplete explicit mapping pair; a key node is missed; or followed by a non-tabulated empty line at line 1, column 60:\n     ...  from function source: TypeError: app.use is not a function\n                                         ^"}
[debug] [2022-10-18T07:05:48.423Z] shutdown requested via /__/quitquitquit

[error] !!  functions: Failed to load function definition from source: FirebaseError: Failed to load function definition from source: Failed to generate manifest from function source: TypeError: app.use is not a function {"metadata":{"emulator":{"name":"functions"},"message":"Failed to load function definition from source: FirebaseError: Failed to load function definition from source: Failed to generate manifest from function source: TypeError: app.use is not a function"}}
[info] 
┌─────────────────────────────────────────────────────────────┐
│ ✔  All emulators ready! It is now safe to connect your app. │
│ i  View Emulator UI at http://127.0.0.1:4001/               │
└─────────────────────────────────────────────────────────────┘

┌───────────┬────────────────┬─────────────────────────────────┐
│ Emulator  │ Host:Port      │ View in Emulator UI             │
├───────────┼────────────────┼─────────────────────────────────┤
│ Functions │ 127.0.0.1:5001 │ http://127.0.0.1:4001/functions │
├───────────┼────────────────┼─────────────────────────────────┤
│ Hosting   │ 127.0.0.1:5000 │ n/a                             │
└───────────┴────────────────┴─────────────────────────────────┘
  Emulator Hub running at 127.0.0.1:4400
  Other reserved ports: 4500

Issues? Report them at https://github.com/firebase/firebase-tools/issues and attach the *-debug.log files.
 
[debug] [2022-10-18T07:19:10.691Z] File C:\Users\hp\OneDrive\Desktop\Amazon clone with Sunny-220831\sunny\functions\index.js changed, reloading triggers {"metadata":{"emulator":{"name":"functions"},"message":"File C:\\Users\\hp\\OneDrive\\Desktop\\Amazon clone with Sunny-220831\\sunny\\functions\\index.js changed, reloading triggers"}}
[debug] [2022-10-18T07:19:11.701Z] Validating nodejs source
[warn] !  functions: package.json indicates an outdated version of firebase-functions. Please upgrade using npm install --save firebase-functions@latest in your functions directory. 
[warn] !  functions: Please note that there will be breaking changes when you upgrade. 
[debug] [2022-10-18T07:19:15.297Z] > [functions] package.json contents: {
  "name": "functions",
  "description": "Cloud Functions for Firebase",
  "scripts": {
    "lint": "eslint .",
    "serve": "firebase emulators:start --only functions",
    "shell": "firebase functions:shell",
    "start": "npm run shell",
    "deploy": "firebase deploy --only functions",
    "logs": "firebase functions:log"
  },
  "engines": {
    "node": "16"
  },
  "main": "index.js",
  "dependencies": {
    "cors": "^2.8.5",
    "express": "^4.18.2",
    "firebase-admin": "^10.0.2",
    "firebase-functions": "^3.24.1",
    "stripe": "^10.14.0"
  },
  "devDependencies": {
    "eslint": "^8.9.0",
    "eslint-config-google": "^0.14.0",
    "firebase-functions-test": "^0.2.0"
  },
  "private": true
}
[debug] [2022-10-18T07:19:15.298Z] Building nodejs source
[debug] [2022-10-18T07:19:15.298Z] Analyzing nodejs backend spec
[debug] [2022-10-18T07:19:15.300Z] Could not find functions.yaml. Must use http discovery
[debug] [2022-10-18T07:19:15.950Z] Serving at port 9005

[debug] [2022-10-18T07:19:16.108Z] Got response from /__/functions.yaml Failed to generate manifest from function source: SyntaxError: Cannot use import statement outside a module
[debug] [2022-10-18T07:19:16.109Z] Failed to parse functions.yamlincomplete explicit mapping pair; a key node is missed; or followed by a non-tabulated empty line at line 1, column 62:
     ... rom function source: SyntaxError: Cannot use import statement ou ... 
                                         ^ {"name":"YAMLException","reason":"incomplete explicit mapping pair; a key node is missed; or followed by a non-tabulated empty line","mark":{"name":null,"buffer":"Failed to generate manifest from function source: SyntaxError: Cannot use import statement outside a module\n\u0000","position":61,"line":0,"column":61},"message":"incomplete explicit mapping pair; a key node is missed; or followed by a non-tabulated empty line at line 1, column 62:\n     ... rom function source: SyntaxError: Cannot use import statement ou ... \n                                         ^"}
[debug] [2022-10-18T07:19:16.114Z] shutdown requested via /__/quitquitquit

[error] !!  functions: Failed to load function definition from source: FirebaseError: Failed to load function definition from source: Failed to generate manifest from function source: SyntaxError: Cannot use import statement outside a module {"metadata":{"emulator":{"name":"functions"},"message":"Failed to load function definition from source: FirebaseError: Failed to load function definition from source: Failed to generate manifest from function source: SyntaxError: Cannot use import statement outside a module"}}
[debug] [2022-10-18T07:19:36.727Z] File C:\Users\hp\OneDrive\Desktop\Amazon clone with Sunny-220831\sunny\functions\index.js changed, reloading triggers {"metadata":{"emulator":{"name":"functions"},"message":"File C:\\Users\\hp\\OneDrive\\Desktop\\Amazon clone with Sunny-220831\\sunny\\functions\\index.js changed, reloading triggers"}}
[debug] [2022-10-18T07:19:36.831Z] File C:\Users\hp\OneDrive\Desktop\Amazon clone with Sunny-220831\sunny\functions\index.js changed, reloading triggers {"metadata":{"emulator":{"name":"functions"},"message":"File C:\\Users\\hp\\OneDrive\\Desktop\\Amazon clone with Sunny-220831\\sunny\\functions\\index.js changed, reloading triggers"}}
[debug] [2022-10-18T07:19:37.835Z] Validating nodejs source
[warn] !  functions: package.json indicates an outdated version of firebase-functions. Please upgrade using npm install --save firebase-functions@latest in your functions directory. 
[warn] !  functions: Please note that there will be breaking changes when you upgrade. 
[debug] [2022-10-18T07:19:41.407Z] > [functions] package.json contents: {
  "name": "functions",
  "description": "Cloud Functions for Firebase",
  "scripts": {
    "lint": "eslint .",
    "serve": "firebase emulators:start --only functions",
    "shell": "firebase functions:shell",
    "start": "npm run shell",
    "deploy": "firebase deploy --only functions",
    "logs": "firebase functions:log"
  },
  "engines": {
    "node": "16"
  },
  "main": "index.js",
  "dependencies": {
    "cors": "^2.8.5",
    "express": "^4.18.2",
    "firebase-admin": "^10.0.2",
    "firebase-functions": "^3.24.1",
    "stripe": "^10.14.0"
  },
  "devDependencies": {
    "eslint": "^8.9.0",
    "eslint-config-google": "^0.14.0",
    "firebase-functions-test": "^0.2.0"
  },
  "private": true
}
[debug] [2022-10-18T07:19:41.408Z] Building nodejs source
[debug] [2022-10-18T07:19:41.408Z] Analyzing nodejs backend spec
[debug] [2022-10-18T07:19:41.409Z] Could not find functions.yaml. Must use http discovery
[debug] [2022-10-18T07:19:41.912Z] Serving at port 9005

[debug] [2022-10-18T07:19:41.979Z] File C:\Users\hp\OneDrive\Desktop\Amazon clone with Sunny-220831\sunny\functions\index.js changed, reloading triggers {"metadata":{"emulator":{"name":"functions"},"message":"File C:\\Users\\hp\\OneDrive\\Desktop\\Amazon clone with Sunny-220831\\sunny\\functions\\index.js changed, reloading triggers"}}
[debug] [2022-10-18T07:19:42.123Z] Got response from /__/functions.yaml Failed to generate manifest from function source: TypeError: app.use is not a function
[debug] [2022-10-18T07:19:42.123Z] Failed to parse functions.yamlincomplete explicit mapping pair; a key node is missed; or followed by a non-tabulated empty line at line 1, column 60:
     ...  from function source: TypeError: app.use is not a function
                                         ^ {"name":"YAMLException","reason":"incomplete explicit mapping pair; a key node is missed; or followed by a non-tabulated empty line","mark":{"name":null,"buffer":"Failed to generate manifest from function source: TypeError: app.use is not a function\n\u0000","position":59,"line":0,"column":59},"message":"incomplete explicit mapping pair; a key node is missed; or followed by a non-tabulated empty line at line 1, column 60:\n     ...  from function source: TypeError: app.use is not a function\n                                         ^"}
[debug] [2022-10-18T07:19:42.130Z] shutdown requested via /__/quitquitquit

[error] !!  functions: Failed to load function definition from source: FirebaseError: Failed to load function definition from source: Failed to generate manifest from function source: TypeError: app.use is not a function {"metadata":{"emulator":{"name":"functions"},"message":"Failed to load function definition from source: FirebaseError: Failed to load function definition from source: Failed to generate manifest from function source: TypeError: app.use is not a function"}}
[debug] [2022-10-18T07:19:42.992Z] Validating nodejs source
[warn] !  functions: package.json indicates an outdated version of firebase-functions. Please upgrade using npm install --save firebase-functions@latest in your functions directory. 
[warn] !  functions: Please note that there will be breaking changes when you upgrade. 
[debug] [2022-10-18T07:19:46.786Z] > [functions] package.json contents: {
  "name": "functions",
  "description": "Cloud Functions for Firebase",
  "scripts": {
    "lint": "eslint .",
    "serve": "firebase emulators:start --only functions",
    "shell": "firebase functions:shell",
    "start": "npm run shell",
    "deploy": "firebase deploy --only functions",
    "logs": "firebase functions:log"
  },
  "engines": {
    "node": "16"
  },
  "main": "index.js",
  "dependencies": {
    "cors": "^2.8.5",
    "express": "^4.18.2",
    "firebase-admin": "^10.0.2",
    "firebase-functions": "^3.24.1",
    "stripe": "^10.14.0"
  },
  "devDependencies": {
    "eslint": "^8.9.0",
    "eslint-config-google": "^0.14.0",
    "firebase-functions-test": "^0.2.0"
  },
  "private": true
}
[debug] [2022-10-18T07:19:46.787Z] Building nodejs source
[debug] [2022-10-18T07:19:46.787Z] Analyzing nodejs backend spec
[debug] [2022-10-18T07:19:46.788Z] Could not find functions.yaml. Must use http discovery
[debug] [2022-10-18T07:19:46.805Z] File C:\Users\hp\OneDrive\Desktop\Amazon clone with Sunny-220831\sunny\functions\index.js changed, reloading triggers {"metadata":{"emulator":{"name":"functions"},"message":"File C:\\Users\\hp\\OneDrive\\Desktop\\Amazon clone with Sunny-220831\\sunny\\functions\\index.js changed, reloading triggers"}}
[debug] [2022-10-18T07:19:47.165Z] Serving at port 9005

[debug] [2022-10-18T07:19:47.185Z] Got response from /__/functions.yaml Failed to generate manifest from function source: SyntaxError: Cannot use import statement outside a module
[debug] [2022-10-18T07:19:47.186Z] Failed to parse functions.yamlincomplete explicit mapping pair; a key node is missed; or followed by a non-tabulated empty line at line 1, column 62:
     ... rom function source: SyntaxError: Cannot use import statement ou ... 
                                         ^ {"name":"YAMLException","reason":"incomplete explicit mapping pair; a key node is missed; or followed by a non-tabulated empty line","mark":{"name":null,"buffer":"Failed to generate manifest from function source: SyntaxError: Cannot use import statement outside a module\n\u0000","position":61,"line":0,"column":61},"message":"incomplete explicit mapping pair; a key node is missed; or followed by a non-tabulated empty line at line 1, column 62:\n     ... rom function source: SyntaxError: Cannot use import statement ou ... \n                                         ^"}
[debug] [2022-10-18T07:19:47.196Z] shutdown requested via /__/quitquitquit

[error] !!  functions: Failed to load function definition from source: FirebaseError: Failed to load function definition from source: Failed to generate manifest from function source: SyntaxError: Cannot use import statement outside a module {"metadata":{"emulator":{"name":"functions"},"message":"Failed to load function definition from source: FirebaseError: Failed to load function definition from source: Failed to generate manifest from function source: SyntaxError: Cannot use import statement outside a module"}}
[debug] [2022-10-18T07:19:47.813Z] Validating nodejs source
[warn] !  functions: package.json indicates an outdated version of firebase-functions. Please upgrade using npm install --save firebase-functions@latest in your functions directory. 
[warn] !  functions: Please note that there will be breaking changes when you upgrade. 
[debug] [2022-10-18T07:19:51.326Z] > [functions] package.json contents: {
  "name": "functions",
  "description": "Cloud Functions for Firebase",
  "scripts": {
    "lint": "eslint .",
    "serve": "firebase emulators:start --only functions",
    "shell": "firebase functions:shell",
    "start": "npm run shell",
    "deploy": "firebase deploy --only functions",
    "logs": "firebase functions:log"
  },
  "engines": {
    "node": "16"
  },
  "main": "index.js",
  "dependencies": {
    "cors": "^2.8.5",
    "express": "^4.18.2",
    "firebase-admin": "^10.0.2",
    "firebase-functions": "^3.24.1",
    "stripe": "^10.14.0"
  },
  "devDependencies": {
    "eslint": "^8.9.0",
    "eslint-config-google": "^0.14.0",
    "firebase-functions-test": "^0.2.0"
  },
  "private": true
}
[debug] [2022-10-18T07:19:51.326Z] Building nodejs source
[debug] [2022-10-18T07:19:51.327Z] Analyzing nodejs backend spec
[debug] [2022-10-18T07:19:51.327Z] Could not find functions.yaml. Must use http discovery
[debug] [2022-10-18T07:19:51.714Z] Serving at port 9005

[debug] [2022-10-18T07:19:51.732Z] Got response from /__/functions.yaml Failed to generate manifest from function source: SyntaxError: Cannot use import statement outside a module
[debug] [2022-10-18T07:19:51.733Z] Failed to parse functions.yamlincomplete explicit mapping pair; a key node is missed; or followed by a non-tabulated empty line at line 1, column 62:
     ... rom function source: SyntaxError: Cannot use import statement ou ... 
                                         ^ {"name":"YAMLException","reason":"incomplete explicit mapping pair; a key node is missed; or followed by a non-tabulated empty line","mark":{"name":null,"buffer":"Failed to generate manifest from function source: SyntaxError: Cannot use import statement outside a module\n\u0000","position":61,"line":0,"column":61},"message":"incomplete explicit mapping pair; a key node is missed; or followed by a non-tabulated empty line at line 1, column 62:\n     ... rom function source: SyntaxError: Cannot use import statement ou ... \n                                         ^"}
[debug] [2022-10-18T07:19:51.737Z] shutdown requested via /__/quitquitquit

[error] !!  functions: Failed to load function definition from source: FirebaseError: Failed to load function definition from source: Failed to generate manifest from function source: SyntaxError: Cannot use import statement outside a module {"metadata":{"emulator":{"name":"functions"},"message":"Failed to load function definition from source: FirebaseError: Failed to load function definition from source: Failed to generate manifest from function source: SyntaxError: Cannot use import statement outside a module"}}
[debug] [2022-10-18T07:21:49.805Z] File C:\Users\hp\OneDrive\Desktop\Amazon clone with Sunny-220831\sunny\functions\index.js changed, reloading triggers {"metadata":{"emulator":{"name":"functions"},"message":"File C:\\Users\\hp\\OneDrive\\Desktop\\Amazon clone with Sunny-220831\\sunny\\functions\\index.js changed, reloading triggers"}}
[debug] [2022-10-18T07:21:50.813Z] Validating nodejs source
[warn] !  functions: package.json indicates an outdated version of firebase-functions. Please upgrade using npm install --save firebase-functions@latest in your functions directory. 
[warn] !  functions: Please note that there will be breaking changes when you upgrade. 
[debug] [2022-10-18T07:21:55.344Z] > [functions] package.json contents: {
  "name": "functions",
  "description": "Cloud Functions for Firebase",
  "scripts": {
    "lint": "eslint .",
    "serve": "firebase emulators:start --only functions",
    "shell": "firebase functions:shell",
    "start": "npm run shell",
    "deploy": "firebase deploy --only functions",
    "logs": "firebase functions:log"
  },
  "engines": {
    "node": "16"
  },
  "main": "index.js",
  "dependencies": {
    "cors": "^2.8.5",
    "express": "^4.18.2",
    "firebase-admin": "^10.0.2",
    "firebase-functions": "^3.24.1",
    "stripe": "^10.14.0"
  },
  "devDependencies": {
    "eslint": "^8.9.0",
    "eslint-config-google": "^0.14.0",
    "firebase-functions-test": "^0.2.0"
  },
  "private": true
}
[debug] [2022-10-18T07:21:55.344Z] Building nodejs source
[debug] [2022-10-18T07:21:55.345Z] Analyzing nodejs backend spec
[debug] [2022-10-18T07:21:55.345Z] Could not find functions.yaml. Must use http discovery
[debug] [2022-10-18T07:21:55.365Z] File C:\Users\hp\OneDrive\Desktop\Amazon clone with Sunny-220831\sunny\functions\index.js changed, reloading triggers {"metadata":{"emulator":{"name":"functions"},"message":"File C:\\Users\\hp\\OneDrive\\Desktop\\Amazon clone with Sunny-220831\\sunny\\functions\\index.js changed, reloading triggers"}}
[debug] [2022-10-18T07:21:55.749Z] Serving at port 9005

[debug] [2022-10-18T07:21:55.767Z] Got response from /__/functions.yaml Failed to generate manifest from function source: SyntaxError: Cannot use import statement outside a module
[debug] [2022-10-18T07:21:55.767Z] Failed to parse functions.yamlincomplete explicit mapping pair; a key node is missed; or followed by a non-tabulated empty line at line 1, column 62:
     ... rom function source: SyntaxError: Cannot use import statement ou ... 
                                         ^ {"name":"YAMLException","reason":"incomplete explicit mapping pair; a key node is missed; or followed by a non-tabulated empty line","mark":{"name":null,"buffer":"Failed to generate manifest from function source: SyntaxError: Cannot use import statement outside a module\n\u0000","position":61,"line":0,"column":61},"message":"incomplete explicit mapping pair; a key node is missed; or followed by a non-tabulated empty line at line 1, column 62:\n     ... rom function source: SyntaxError: Cannot use import statement ou ... \n                                         ^"}
[debug] [2022-10-18T07:21:55.773Z] shutdown requested via /__/quitquitquit

[error] !!  functions: Failed to load function definition from source: FirebaseError: Failed to load function definition from source: Failed to generate manifest from function source: SyntaxError: Cannot use import statement outside a module {"metadata":{"emulator":{"name":"functions"},"message":"Failed to load function definition from source: FirebaseError: Failed to load function definition from source: Failed to generate manifest from function source: SyntaxError: Cannot use import statement outside a module"}}
[debug] [2022-10-18T07:21:56.370Z] Validating nodejs source
[warn] !  functions: package.json indicates an outdated version of firebase-functions. Please upgrade using npm install --save firebase-functions@latest in your functions directory. 
[warn] !  functions: Please note that there will be breaking changes when you upgrade. 
[debug] [2022-10-18T07:22:00.077Z] > [functions] package.json contents: {
  "name": "functions",
  "description": "Cloud Functions for Firebase",
  "scripts": {
    "lint": "eslint .",
    "serve": "firebase emulators:start --only functions",
    "shell": "firebase functions:shell",
    "start": "npm run shell",
    "deploy": "firebase deploy --only functions",
    "logs": "firebase functions:log"
  },
  "engines": {
    "node": "16"
  },
  "main": "index.js",
  "dependencies": {
    "cors": "^2.8.5",
    "express": "^4.18.2",
    "firebase-admin": "^10.0.2",
    "firebase-functions": "^3.24.1",
    "stripe": "^10.14.0"
  },
  "devDependencies": {
    "eslint": "^8.9.0",
    "eslint-config-google": "^0.14.0",
    "firebase-functions-test": "^0.2.0"
  },
  "private": true
}
[debug] [2022-10-18T07:22:00.077Z] Building nodejs source
[debug] [2022-10-18T07:22:00.077Z] Analyzing nodejs backend spec
[debug] [2022-10-18T07:22:00.078Z] Could not find functions.yaml. Must use http discovery
[debug] [2022-10-18T07:22:00.098Z] File C:\Users\hp\OneDrive\Desktop\Amazon clone with Sunny-220831\sunny\functions\index.js changed, reloading triggers {"metadata":{"emulator":{"name":"functions"},"message":"File C:\\Users\\hp\\OneDrive\\Desktop\\Amazon clone with Sunny-220831\\sunny\\functions\\index.js changed, reloading triggers"}}
[debug] [2022-10-18T07:22:00.477Z] Serving at port 9005

[debug] [2022-10-18T07:22:00.654Z] Got response from /__/functions.yaml Failed to generate manifest from function source: ReferenceError: app is not defined
[debug] [2022-10-18T07:22:00.654Z] Failed to parse functions.yamlincomplete explicit mapping pair; a key node is missed; or followed by a non-tabulated empty line at line 1, column 65:
     ...  function source: ReferenceError: app is not defined
                                         ^ {"name":"YAMLException","reason":"incomplete explicit mapping pair; a key node is missed; or followed by a non-tabulated empty line","mark":{"name":null,"buffer":"Failed to generate manifest from function source: ReferenceError: app is not defined\n\u0000","position":64,"line":0,"column":64},"message":"incomplete explicit mapping pair; a key node is missed; or followed by a non-tabulated empty line at line 1, column 65:\n     ...  function source: ReferenceError: app is not defined\n                                         ^"}
[debug] [2022-10-18T07:22:00.661Z] shutdown requested via /__/quitquitquit

[error] !!  functions: Failed to load function definition from source: FirebaseError: Failed to load function definition from source: Failed to generate manifest from function source: ReferenceError: app is not defined {"metadata":{"emulator":{"name":"functions"},"message":"Failed to load function definition from source: FirebaseError: Failed to load function definition from source: Failed to generate manifest from function source: ReferenceError: app is not defined"}}
[debug] [2022-10-18T07:22:01.100Z] Validating nodejs source
[warn] !  functions: package.json indicates an outdated version of firebase-functions. Please upgrade using npm install --save firebase-functions@latest in your functions directory. 
[warn] !  functions: Please note that there will be breaking changes when you upgrade. 
[debug] [2022-10-18T07:22:04.797Z] > [functions] package.json contents: {
  "name": "functions",
  "description": "Cloud Functions for Firebase",
  "scripts": {
    "lint": "eslint .",
    "serve": "firebase emulators:start --only functions",
    "shell": "firebase functions:shell",
    "start": "npm run shell",
    "deploy": "firebase deploy --only functions",
    "logs": "firebase functions:log"
  },
  "engines": {
    "node": "16"
  },
  "main": "index.js",
  "dependencies": {
    "cors": "^2.8.5",
    "express": "^4.18.2",
    "firebase-admin": "^10.0.2",
    "firebase-functions": "^3.24.1",
    "stripe": "^10.14.0"
  },
  "devDependencies": {
    "eslint": "^8.9.0",
    "eslint-config-google": "^0.14.0",
    "firebase-functions-test": "^0.2.0"
  },
  "private": true
}
[debug] [2022-10-18T07:22:04.797Z] Building nodejs source
[debug] [2022-10-18T07:22:04.797Z] Analyzing nodejs backend spec
[debug] [2022-10-18T07:22:04.798Z] Could not find functions.yaml. Must use http discovery
[debug] [2022-10-18T07:22:05.168Z] Serving at port 9005

[debug] [2022-10-18T07:22:05.346Z] Got response from /__/functions.yaml Failed to generate manifest from function source: ReferenceError: app is not defined
[debug] [2022-10-18T07:22:05.346Z] Failed to parse functions.yamlincomplete explicit mapping pair; a key node is missed; or followed by a non-tabulated empty line at line 1, column 65:
     ...  function source: ReferenceError: app is not defined
                                         ^ {"name":"YAMLException","reason":"incomplete explicit mapping pair; a key node is missed; or followed by a non-tabulated empty line","mark":{"name":null,"buffer":"Failed to generate manifest from function source: ReferenceError: app is not defined\n\u0000","position":64,"line":0,"column":64},"message":"incomplete explicit mapping pair; a key node is missed; or followed by a non-tabulated empty line at line 1, column 65:\n     ...  function source: ReferenceError: app is not defined\n                                         ^"}
[debug] [2022-10-18T07:22:05.352Z] shutdown requested via /__/quitquitquit

[error] !!  functions: Failed to load function definition from source: FirebaseError: Failed to load function definition from source: Failed to generate manifest from function source: ReferenceError: app is not defined {"metadata":{"emulator":{"name":"functions"},"message":"Failed to load function definition from source: FirebaseError: Failed to load function definition from source: Failed to generate manifest from function source: ReferenceError: app is not defined"}}
